<?xml version="1.0" encoding="UTF-8"?>
<testsuite xmlns:xsi="http://www.w3.org/2001/XMLSchema-instance" xsi:noNamespaceSchemaLocation="https://maven.apache.org/surefire/maven-surefire-plugin/xsd/surefire-test-report-3.0.xsd" version="3.0" name="com.nnk.springboot.unit.UserTest" time="1.577" tests="10" errors="0" skipped="0" failures="0">
  <properties>
    <property name="java.specification.version" value="21"/>
    <property name="sun.jnu.encoding" value="UTF-8"/>
    <property name="java.class.path" value="/home/alexandrekerestes/Documents/mission_7/JavaDA_PROJECT7_RESTAPI_OCR/Poseiden-skeleton/target/test-classes:/home/alexandrekerestes/Documents/mission_7/JavaDA_PROJECT7_RESTAPI_OCR/Poseiden-skeleton/target/classes:/home/alexandrekerestes/.m2/repository/org/springframework/boot/spring-boot-starter-test/3.2.1/spring-boot-starter-test-3.2.1.jar:/home/alexandrekerestes/.m2/repository/org/springframework/boot/spring-boot-starter/3.2.1/spring-boot-starter-3.2.1.jar:/home/alexandrekerestes/.m2/repository/org/springframework/boot/spring-boot-starter-logging/3.2.1/spring-boot-starter-logging-3.2.1.jar:/home/alexandrekerestes/.m2/repository/ch/qos/logback/logback-classic/1.4.14/logback-classic-1.4.14.jar:/home/alexandrekerestes/.m2/repository/ch/qos/logback/logback-core/1.4.14/logback-core-1.4.14.jar:/home/alexandrekerestes/.m2/repository/org/apache/logging/log4j/log4j-to-slf4j/2.21.1/log4j-to-slf4j-2.21.1.jar:/home/alexandrekerestes/.m2/repository/org/apache/logging/log4j/log4j-api/2.21.1/log4j-api-2.21.1.jar:/home/alexandrekerestes/.m2/repository/org/slf4j/jul-to-slf4j/2.0.9/jul-to-slf4j-2.0.9.jar:/home/alexandrekerestes/.m2/repository/jakarta/annotation/jakarta.annotation-api/2.1.1/jakarta.annotation-api-2.1.1.jar:/home/alexandrekerestes/.m2/repository/org/yaml/snakeyaml/2.2/snakeyaml-2.2.jar:/home/alexandrekerestes/.m2/repository/org/springframework/boot/spring-boot-test/3.2.1/spring-boot-test-3.2.1.jar:/home/alexandrekerestes/.m2/repository/org/springframework/boot/spring-boot-test-autoconfigure/3.2.1/spring-boot-test-autoconfigure-3.2.1.jar:/home/alexandrekerestes/.m2/repository/com/jayway/jsonpath/json-path/2.8.0/json-path-2.8.0.jar:/home/alexandrekerestes/.m2/repository/org/slf4j/slf4j-api/2.0.9/slf4j-api-2.0.9.jar:/home/alexandrekerestes/.m2/repository/jakarta/xml/bind/jakarta.xml.bind-api/4.0.1/jakarta.xml.bind-api-4.0.1.jar:/home/alexandrekerestes/.m2/repository/jakarta/activation/jakarta.activation-api/2.1.2/jakarta.activation-api-2.1.2.jar:/home/alexandrekerestes/.m2/repository/net/minidev/json-smart/2.5.0/json-smart-2.5.0.jar:/home/alexandrekerestes/.m2/repository/net/minidev/accessors-smart/2.5.0/accessors-smart-2.5.0.jar:/home/alexandrekerestes/.m2/repository/org/assertj/assertj-core/3.24.2/assertj-core-3.24.2.jar:/home/alexandrekerestes/.m2/repository/net/bytebuddy/byte-buddy/1.14.10/byte-buddy-1.14.10.jar:/home/alexandrekerestes/.m2/repository/org/awaitility/awaitility/4.2.0/awaitility-4.2.0.jar:/home/alexandrekerestes/.m2/repository/org/hamcrest/hamcrest/2.2/hamcrest-2.2.jar:/home/alexandrekerestes/.m2/repository/org/junit/jupiter/junit-jupiter/5.10.1/junit-jupiter-5.10.1.jar:/home/alexandrekerestes/.m2/repository/org/junit/jupiter/junit-jupiter-api/5.10.1/junit-jupiter-api-5.10.1.jar:/home/alexandrekerestes/.m2/repository/org/opentest4j/opentest4j/1.3.0/opentest4j-1.3.0.jar:/home/alexandrekerestes/.m2/repository/org/junit/platform/junit-platform-commons/1.10.1/junit-platform-commons-1.10.1.jar:/home/alexandrekerestes/.m2/repository/org/apiguardian/apiguardian-api/1.1.2/apiguardian-api-1.1.2.jar:/home/alexandrekerestes/.m2/repository/org/junit/jupiter/junit-jupiter-params/5.10.1/junit-jupiter-params-5.10.1.jar:/home/alexandrekerestes/.m2/repository/org/junit/jupiter/junit-jupiter-engine/5.10.1/junit-jupiter-engine-5.10.1.jar:/home/alexandrekerestes/.m2/repository/org/junit/platform/junit-platform-engine/1.10.1/junit-platform-engine-1.10.1.jar:/home/alexandrekerestes/.m2/repository/org/mockito/mockito-core/5.7.0/mockito-core-5.7.0.jar:/home/alexandrekerestes/.m2/repository/net/bytebuddy/byte-buddy-agent/1.14.10/byte-buddy-agent-1.14.10.jar:/home/alexandrekerestes/.m2/repository/org/objenesis/objenesis/3.3/objenesis-3.3.jar:/home/alexandrekerestes/.m2/repository/org/mockito/mockito-junit-jupiter/5.7.0/mockito-junit-jupiter-5.7.0.jar:/home/alexandrekerestes/.m2/repository/org/skyscreamer/jsonassert/1.5.1/jsonassert-1.5.1.jar:/home/alexandrekerestes/.m2/repository/com/vaadin/external/google/android-json/0.0.20131108.vaadin1/android-json-0.0.20131108.vaadin1.jar:/home/alexandrekerestes/.m2/repository/org/springframework/spring-core/6.1.2/spring-core-6.1.2.jar:/home/alexandrekerestes/.m2/repository/org/springframework/spring-jcl/6.1.2/spring-jcl-6.1.2.jar:/home/alexandrekerestes/.m2/repository/org/springframework/spring-test/6.1.2/spring-test-6.1.2.jar:/home/alexandrekerestes/.m2/repository/org/xmlunit/xmlunit-core/2.9.1/xmlunit-core-2.9.1.jar:/home/alexandrekerestes/.m2/repository/org/jacoco/jacoco-maven-plugin/0.8.10/jacoco-maven-plugin-0.8.10.jar:/home/alexandrekerestes/.m2/repository/org/codehaus/plexus/plexus-utils/3.0.24/plexus-utils-3.0.24.jar:/home/alexandrekerestes/.m2/repository/org/apache/maven/shared/file-management/1.2.1/file-management-1.2.1.jar:/home/alexandrekerestes/.m2/repository/org/apache/maven/maven-plugin-api/2.0.6/maven-plugin-api-2.0.6.jar:/home/alexandrekerestes/.m2/repository/org/apache/maven/shared/maven-shared-io/1.1/maven-shared-io-1.1.jar:/home/alexandrekerestes/.m2/repository/org/apache/maven/maven-artifact/2.0.2/maven-artifact-2.0.2.jar:/home/alexandrekerestes/.m2/repository/org/apache/maven/maven-artifact-manager/2.0.2/maven-artifact-manager-2.0.2.jar:/home/alexandrekerestes/.m2/repository/org/apache/maven/maven-repository-metadata/2.0.2/maven-repository-metadata-2.0.2.jar:/home/alexandrekerestes/.m2/repository/org/apache/maven/wagon/wagon-provider-api/1.0-alpha-6/wagon-provider-api-1.0-alpha-6.jar:/home/alexandrekerestes/.m2/repository/org/codehaus/plexus/plexus-container-default/1.0-alpha-9/plexus-container-default-1.0-alpha-9.jar:/home/alexandrekerestes/.m2/repository/junit/junit/4.13.2/junit-4.13.2.jar:/home/alexandrekerestes/.m2/repository/org/hamcrest/hamcrest-core/2.2/hamcrest-core-2.2.jar:/home/alexandrekerestes/.m2/repository/classworlds/classworlds/1.1-alpha-2/classworlds-1.1-alpha-2.jar:/home/alexandrekerestes/.m2/repository/org/apache/maven/reporting/maven-reporting-api/3.0/maven-reporting-api-3.0.jar:/home/alexandrekerestes/.m2/repository/org/apache/maven/doxia/doxia-sink-api/1.0/doxia-sink-api-1.0.jar:/home/alexandrekerestes/.m2/repository/org/jacoco/org.jacoco.agent/0.8.10/org.jacoco.agent-0.8.10-runtime.jar:/home/alexandrekerestes/.m2/repository/org/jacoco/org.jacoco.core/0.8.10/org.jacoco.core-0.8.10.jar:/home/alexandrekerestes/.m2/repository/org/ow2/asm/asm/9.5/asm-9.5.jar:/home/alexandrekerestes/.m2/repository/org/ow2/asm/asm-commons/9.5/asm-commons-9.5.jar:/home/alexandrekerestes/.m2/repository/org/ow2/asm/asm-tree/9.5/asm-tree-9.5.jar:/home/alexandrekerestes/.m2/repository/org/jacoco/org.jacoco.report/0.8.10/org.jacoco.report-0.8.10.jar:/home/alexandrekerestes/.m2/repository/org/springframework/boot/spring-boot-starter-data-jpa/3.2.1/spring-boot-starter-data-jpa-3.2.1.jar:/home/alexandrekerestes/.m2/repository/org/springframework/boot/spring-boot-starter-aop/3.2.1/spring-boot-starter-aop-3.2.1.jar:/home/alexandrekerestes/.m2/repository/org/aspectj/aspectjweaver/1.9.21/aspectjweaver-1.9.21.jar:/home/alexandrekerestes/.m2/repository/org/springframework/boot/spring-boot-starter-jdbc/3.2.1/spring-boot-starter-jdbc-3.2.1.jar:/home/alexandrekerestes/.m2/repository/com/zaxxer/HikariCP/5.0.1/HikariCP-5.0.1.jar:/home/alexandrekerestes/.m2/repository/org/springframework/spring-jdbc/6.1.2/spring-jdbc-6.1.2.jar:/home/alexandrekerestes/.m2/repository/org/hibernate/orm/hibernate-core/6.4.1.Final/hibernate-core-6.4.1.Final.jar:/home/alexandrekerestes/.m2/repository/jakarta/persistence/jakarta.persistence-api/3.1.0/jakarta.persistence-api-3.1.0.jar:/home/alexandrekerestes/.m2/repository/jakarta/transaction/jakarta.transaction-api/2.0.1/jakarta.transaction-api-2.0.1.jar:/home/alexandrekerestes/.m2/repository/org/jboss/logging/jboss-logging/3.5.3.Final/jboss-logging-3.5.3.Final.jar:/home/alexandrekerestes/.m2/repository/org/hibernate/common/hibernate-commons-annotations/6.0.6.Final/hibernate-commons-annotations-6.0.6.Final.jar:/home/alexandrekerestes/.m2/repository/io/smallrye/jandex/3.1.2/jandex-3.1.2.jar:/home/alexandrekerestes/.m2/repository/com/fasterxml/classmate/1.6.0/classmate-1.6.0.jar:/home/alexandrekerestes/.m2/repository/org/glassfish/jaxb/jaxb-runtime/4.0.4/jaxb-runtime-4.0.4.jar:/home/alexandrekerestes/.m2/repository/org/glassfish/jaxb/jaxb-core/4.0.4/jaxb-core-4.0.4.jar:/home/alexandrekerestes/.m2/repository/org/eclipse/angus/angus-activation/2.0.1/angus-activation-2.0.1.jar:/home/alexandrekerestes/.m2/repository/org/glassfish/jaxb/txw2/4.0.4/txw2-4.0.4.jar:/home/alexandrekerestes/.m2/repository/com/sun/istack/istack-commons-runtime/4.1.2/istack-commons-runtime-4.1.2.jar:/home/alexandrekerestes/.m2/repository/jakarta/inject/jakarta.inject-api/2.0.1/jakarta.inject-api-2.0.1.jar:/home/alexandrekerestes/.m2/repository/org/antlr/antlr4-runtime/4.13.0/antlr4-runtime-4.13.0.jar:/home/alexandrekerestes/.m2/repository/org/springframework/data/spring-data-jpa/3.2.1/spring-data-jpa-3.2.1.jar:/home/alexandrekerestes/.m2/repository/org/springframework/data/spring-data-commons/3.2.1/spring-data-commons-3.2.1.jar:/home/alexandrekerestes/.m2/repository/org/springframework/spring-orm/6.1.2/spring-orm-6.1.2.jar:/home/alexandrekerestes/.m2/repository/org/springframework/spring-context/6.1.2/spring-context-6.1.2.jar:/home/alexandrekerestes/.m2/repository/org/springframework/spring-tx/6.1.2/spring-tx-6.1.2.jar:/home/alexandrekerestes/.m2/repository/org/springframework/spring-beans/6.1.2/spring-beans-6.1.2.jar:/home/alexandrekerestes/.m2/repository/org/springframework/spring-aspects/6.1.2/spring-aspects-6.1.2.jar:/home/alexandrekerestes/.m2/repository/org/springframework/boot/spring-boot-starter-web/3.2.1/spring-boot-starter-web-3.2.1.jar:/home/alexandrekerestes/.m2/repository/org/springframework/boot/spring-boot-starter-json/3.2.1/spring-boot-starter-json-3.2.1.jar:/home/alexandrekerestes/.m2/repository/com/fasterxml/jackson/core/jackson-databind/2.15.3/jackson-databind-2.15.3.jar:/home/alexandrekerestes/.m2/repository/com/fasterxml/jackson/core/jackson-annotations/2.15.3/jackson-annotations-2.15.3.jar:/home/alexandrekerestes/.m2/repository/com/fasterxml/jackson/core/jackson-core/2.15.3/jackson-core-2.15.3.jar:/home/alexandrekerestes/.m2/repository/com/fasterxml/jackson/datatype/jackson-datatype-jdk8/2.15.3/jackson-datatype-jdk8-2.15.3.jar:/home/alexandrekerestes/.m2/repository/com/fasterxml/jackson/datatype/jackson-datatype-jsr310/2.15.3/jackson-datatype-jsr310-2.15.3.jar:/home/alexandrekerestes/.m2/repository/com/fasterxml/jackson/module/jackson-module-parameter-names/2.15.3/jackson-module-parameter-names-2.15.3.jar:/home/alexandrekerestes/.m2/repository/org/springframework/boot/spring-boot-starter-tomcat/3.2.1/spring-boot-starter-tomcat-3.2.1.jar:/home/alexandrekerestes/.m2/repository/org/apache/tomcat/embed/tomcat-embed-core/10.1.17/tomcat-embed-core-10.1.17.jar:/home/alexandrekerestes/.m2/repository/org/apache/tomcat/embed/tomcat-embed-websocket/10.1.17/tomcat-embed-websocket-10.1.17.jar:/home/alexandrekerestes/.m2/repository/org/springframework/spring-web/6.1.2/spring-web-6.1.2.jar:/home/alexandrekerestes/.m2/repository/io/micrometer/micrometer-observation/1.12.1/micrometer-observation-1.12.1.jar:/home/alexandrekerestes/.m2/repository/io/micrometer/micrometer-commons/1.12.1/micrometer-commons-1.12.1.jar:/home/alexandrekerestes/.m2/repository/org/springframework/spring-webmvc/6.1.2/spring-webmvc-6.1.2.jar:/home/alexandrekerestes/.m2/repository/org/springframework/spring-expression/6.1.2/spring-expression-6.1.2.jar:/home/alexandrekerestes/.m2/repository/org/springframework/boot/spring-boot-starter-thymeleaf/3.2.1/spring-boot-starter-thymeleaf-3.2.1.jar:/home/alexandrekerestes/.m2/repository/org/thymeleaf/thymeleaf-spring6/3.1.2.RELEASE/thymeleaf-spring6-3.1.2.RELEASE.jar:/home/alexandrekerestes/.m2/repository/org/thymeleaf/thymeleaf/3.1.2.RELEASE/thymeleaf-3.1.2.RELEASE.jar:/home/alexandrekerestes/.m2/repository/org/attoparser/attoparser/2.0.7.RELEASE/attoparser-2.0.7.RELEASE.jar:/home/alexandrekerestes/.m2/repository/org/unbescape/unbescape/1.1.6.RELEASE/unbescape-1.1.6.RELEASE.jar:/home/alexandrekerestes/.m2/repository/org/springframework/boot/spring-boot-starter-security/3.2.1/spring-boot-starter-security-3.2.1.jar:/home/alexandrekerestes/.m2/repository/org/springframework/spring-aop/6.1.2/spring-aop-6.1.2.jar:/home/alexandrekerestes/.m2/repository/org/springframework/security/spring-security-config/6.2.1/spring-security-config-6.2.1.jar:/home/alexandrekerestes/.m2/repository/org/springframework/security/spring-security-core/6.2.1/spring-security-core-6.2.1.jar:/home/alexandrekerestes/.m2/repository/org/springframework/security/spring-security-crypto/6.2.1/spring-security-crypto-6.2.1.jar:/home/alexandrekerestes/.m2/repository/org/springframework/security/spring-security-web/6.2.1/spring-security-web-6.2.1.jar:/home/alexandrekerestes/.m2/repository/org/springframework/boot/spring-boot-devtools/3.2.1/spring-boot-devtools-3.2.1.jar:/home/alexandrekerestes/.m2/repository/org/springframework/boot/spring-boot/3.2.1/spring-boot-3.2.1.jar:/home/alexandrekerestes/.m2/repository/org/springframework/boot/spring-boot-autoconfigure/3.2.1/spring-boot-autoconfigure-3.2.1.jar:/home/alexandrekerestes/.m2/repository/org/springframework/boot/spring-boot-starter-validation/3.2.1/spring-boot-starter-validation-3.2.1.jar:/home/alexandrekerestes/.m2/repository/org/apache/tomcat/embed/tomcat-embed-el/10.1.17/tomcat-embed-el-10.1.17.jar:/home/alexandrekerestes/.m2/repository/org/hibernate/validator/hibernate-validator/8.0.1.Final/hibernate-validator-8.0.1.Final.jar:/home/alexandrekerestes/.m2/repository/jakarta/validation/jakarta.validation-api/3.0.2/jakarta.validation-api-3.0.2.jar:/home/alexandrekerestes/.m2/repository/com/mysql/mysql-connector-j/8.1.0/mysql-connector-j-8.1.0.jar:/home/alexandrekerestes/.m2/repository/com/h2database/h2/2.2.224/h2-2.2.224.jar:/home/alexandrekerestes/.m2/repository/org/projectlombok/lombok/1.18.30/lombok-1.18.30.jar:"/>
    <property name="java.vm.vendor" value="Oracle Corporation"/>
    <property name="sun.arch.data.model" value="64"/>
    <property name="java.vendor.url" value="https://java.oracle.com/"/>
    <property name="user.timezone" value="Europe/Paris"/>
    <property name="org.jboss.logging.provider" value="slf4j"/>
    <property name="os.name" value="Linux"/>
    <property name="java.vm.specification.version" value="21"/>
    <property name="sun.java.launcher" value="SUN_STANDARD"/>
    <property name="user.country" value="FR"/>
    <property name="sun.boot.library.path" value="/home/alexandrekerestes/.jdks/openjdk-21.0.1/lib"/>
    <property name="sun.java.command" value="/home/alexandrekerestes/Documents/mission_7/JavaDA_PROJECT7_RESTAPI_OCR/Poseiden-skeleton/target/surefire/surefirebooter-20240214105945715_3.jar /home/alexandrekerestes/Documents/mission_7/JavaDA_PROJECT7_RESTAPI_OCR/Poseiden-skeleton/target/surefire 2024-02-14T10-59-45_669-jvmRun1 surefire-20240214105945715_1tmp surefire_0-20240214105945715_2tmp"/>
    <property name="jdk.debug" value="release"/>
    <property name="surefire.test.class.path" value="/home/alexandrekerestes/Documents/mission_7/JavaDA_PROJECT7_RESTAPI_OCR/Poseiden-skeleton/target/test-classes:/home/alexandrekerestes/Documents/mission_7/JavaDA_PROJECT7_RESTAPI_OCR/Poseiden-skeleton/target/classes:/home/alexandrekerestes/.m2/repository/org/springframework/boot/spring-boot-starter-test/3.2.1/spring-boot-starter-test-3.2.1.jar:/home/alexandrekerestes/.m2/repository/org/springframework/boot/spring-boot-starter/3.2.1/spring-boot-starter-3.2.1.jar:/home/alexandrekerestes/.m2/repository/org/springframework/boot/spring-boot-starter-logging/3.2.1/spring-boot-starter-logging-3.2.1.jar:/home/alexandrekerestes/.m2/repository/ch/qos/logback/logback-classic/1.4.14/logback-classic-1.4.14.jar:/home/alexandrekerestes/.m2/repository/ch/qos/logback/logback-core/1.4.14/logback-core-1.4.14.jar:/home/alexandrekerestes/.m2/repository/org/apache/logging/log4j/log4j-to-slf4j/2.21.1/log4j-to-slf4j-2.21.1.jar:/home/alexandrekerestes/.m2/repository/org/apache/logging/log4j/log4j-api/2.21.1/log4j-api-2.21.1.jar:/home/alexandrekerestes/.m2/repository/org/slf4j/jul-to-slf4j/2.0.9/jul-to-slf4j-2.0.9.jar:/home/alexandrekerestes/.m2/repository/jakarta/annotation/jakarta.annotation-api/2.1.1/jakarta.annotation-api-2.1.1.jar:/home/alexandrekerestes/.m2/repository/org/yaml/snakeyaml/2.2/snakeyaml-2.2.jar:/home/alexandrekerestes/.m2/repository/org/springframework/boot/spring-boot-test/3.2.1/spring-boot-test-3.2.1.jar:/home/alexandrekerestes/.m2/repository/org/springframework/boot/spring-boot-test-autoconfigure/3.2.1/spring-boot-test-autoconfigure-3.2.1.jar:/home/alexandrekerestes/.m2/repository/com/jayway/jsonpath/json-path/2.8.0/json-path-2.8.0.jar:/home/alexandrekerestes/.m2/repository/org/slf4j/slf4j-api/2.0.9/slf4j-api-2.0.9.jar:/home/alexandrekerestes/.m2/repository/jakarta/xml/bind/jakarta.xml.bind-api/4.0.1/jakarta.xml.bind-api-4.0.1.jar:/home/alexandrekerestes/.m2/repository/jakarta/activation/jakarta.activation-api/2.1.2/jakarta.activation-api-2.1.2.jar:/home/alexandrekerestes/.m2/repository/net/minidev/json-smart/2.5.0/json-smart-2.5.0.jar:/home/alexandrekerestes/.m2/repository/net/minidev/accessors-smart/2.5.0/accessors-smart-2.5.0.jar:/home/alexandrekerestes/.m2/repository/org/assertj/assertj-core/3.24.2/assertj-core-3.24.2.jar:/home/alexandrekerestes/.m2/repository/net/bytebuddy/byte-buddy/1.14.10/byte-buddy-1.14.10.jar:/home/alexandrekerestes/.m2/repository/org/awaitility/awaitility/4.2.0/awaitility-4.2.0.jar:/home/alexandrekerestes/.m2/repository/org/hamcrest/hamcrest/2.2/hamcrest-2.2.jar:/home/alexandrekerestes/.m2/repository/org/junit/jupiter/junit-jupiter/5.10.1/junit-jupiter-5.10.1.jar:/home/alexandrekerestes/.m2/repository/org/junit/jupiter/junit-jupiter-api/5.10.1/junit-jupiter-api-5.10.1.jar:/home/alexandrekerestes/.m2/repository/org/opentest4j/opentest4j/1.3.0/opentest4j-1.3.0.jar:/home/alexandrekerestes/.m2/repository/org/junit/platform/junit-platform-commons/1.10.1/junit-platform-commons-1.10.1.jar:/home/alexandrekerestes/.m2/repository/org/apiguardian/apiguardian-api/1.1.2/apiguardian-api-1.1.2.jar:/home/alexandrekerestes/.m2/repository/org/junit/jupiter/junit-jupiter-params/5.10.1/junit-jupiter-params-5.10.1.jar:/home/alexandrekerestes/.m2/repository/org/junit/jupiter/junit-jupiter-engine/5.10.1/junit-jupiter-engine-5.10.1.jar:/home/alexandrekerestes/.m2/repository/org/junit/platform/junit-platform-engine/1.10.1/junit-platform-engine-1.10.1.jar:/home/alexandrekerestes/.m2/repository/org/mockito/mockito-core/5.7.0/mockito-core-5.7.0.jar:/home/alexandrekerestes/.m2/repository/net/bytebuddy/byte-buddy-agent/1.14.10/byte-buddy-agent-1.14.10.jar:/home/alexandrekerestes/.m2/repository/org/objenesis/objenesis/3.3/objenesis-3.3.jar:/home/alexandrekerestes/.m2/repository/org/mockito/mockito-junit-jupiter/5.7.0/mockito-junit-jupiter-5.7.0.jar:/home/alexandrekerestes/.m2/repository/org/skyscreamer/jsonassert/1.5.1/jsonassert-1.5.1.jar:/home/alexandrekerestes/.m2/repository/com/vaadin/external/google/android-json/0.0.20131108.vaadin1/android-json-0.0.20131108.vaadin1.jar:/home/alexandrekerestes/.m2/repository/org/springframework/spring-core/6.1.2/spring-core-6.1.2.jar:/home/alexandrekerestes/.m2/repository/org/springframework/spring-jcl/6.1.2/spring-jcl-6.1.2.jar:/home/alexandrekerestes/.m2/repository/org/springframework/spring-test/6.1.2/spring-test-6.1.2.jar:/home/alexandrekerestes/.m2/repository/org/xmlunit/xmlunit-core/2.9.1/xmlunit-core-2.9.1.jar:/home/alexandrekerestes/.m2/repository/org/jacoco/jacoco-maven-plugin/0.8.10/jacoco-maven-plugin-0.8.10.jar:/home/alexandrekerestes/.m2/repository/org/codehaus/plexus/plexus-utils/3.0.24/plexus-utils-3.0.24.jar:/home/alexandrekerestes/.m2/repository/org/apache/maven/shared/file-management/1.2.1/file-management-1.2.1.jar:/home/alexandrekerestes/.m2/repository/org/apache/maven/maven-plugin-api/2.0.6/maven-plugin-api-2.0.6.jar:/home/alexandrekerestes/.m2/repository/org/apache/maven/shared/maven-shared-io/1.1/maven-shared-io-1.1.jar:/home/alexandrekerestes/.m2/repository/org/apache/maven/maven-artifact/2.0.2/maven-artifact-2.0.2.jar:/home/alexandrekerestes/.m2/repository/org/apache/maven/maven-artifact-manager/2.0.2/maven-artifact-manager-2.0.2.jar:/home/alexandrekerestes/.m2/repository/org/apache/maven/maven-repository-metadata/2.0.2/maven-repository-metadata-2.0.2.jar:/home/alexandrekerestes/.m2/repository/org/apache/maven/wagon/wagon-provider-api/1.0-alpha-6/wagon-provider-api-1.0-alpha-6.jar:/home/alexandrekerestes/.m2/repository/org/codehaus/plexus/plexus-container-default/1.0-alpha-9/plexus-container-default-1.0-alpha-9.jar:/home/alexandrekerestes/.m2/repository/junit/junit/4.13.2/junit-4.13.2.jar:/home/alexandrekerestes/.m2/repository/org/hamcrest/hamcrest-core/2.2/hamcrest-core-2.2.jar:/home/alexandrekerestes/.m2/repository/classworlds/classworlds/1.1-alpha-2/classworlds-1.1-alpha-2.jar:/home/alexandrekerestes/.m2/repository/org/apache/maven/reporting/maven-reporting-api/3.0/maven-reporting-api-3.0.jar:/home/alexandrekerestes/.m2/repository/org/apache/maven/doxia/doxia-sink-api/1.0/doxia-sink-api-1.0.jar:/home/alexandrekerestes/.m2/repository/org/jacoco/org.jacoco.agent/0.8.10/org.jacoco.agent-0.8.10-runtime.jar:/home/alexandrekerestes/.m2/repository/org/jacoco/org.jacoco.core/0.8.10/org.jacoco.core-0.8.10.jar:/home/alexandrekerestes/.m2/repository/org/ow2/asm/asm/9.5/asm-9.5.jar:/home/alexandrekerestes/.m2/repository/org/ow2/asm/asm-commons/9.5/asm-commons-9.5.jar:/home/alexandrekerestes/.m2/repository/org/ow2/asm/asm-tree/9.5/asm-tree-9.5.jar:/home/alexandrekerestes/.m2/repository/org/jacoco/org.jacoco.report/0.8.10/org.jacoco.report-0.8.10.jar:/home/alexandrekerestes/.m2/repository/org/springframework/boot/spring-boot-starter-data-jpa/3.2.1/spring-boot-starter-data-jpa-3.2.1.jar:/home/alexandrekerestes/.m2/repository/org/springframework/boot/spring-boot-starter-aop/3.2.1/spring-boot-starter-aop-3.2.1.jar:/home/alexandrekerestes/.m2/repository/org/aspectj/aspectjweaver/1.9.21/aspectjweaver-1.9.21.jar:/home/alexandrekerestes/.m2/repository/org/springframework/boot/spring-boot-starter-jdbc/3.2.1/spring-boot-starter-jdbc-3.2.1.jar:/home/alexandrekerestes/.m2/repository/com/zaxxer/HikariCP/5.0.1/HikariCP-5.0.1.jar:/home/alexandrekerestes/.m2/repository/org/springframework/spring-jdbc/6.1.2/spring-jdbc-6.1.2.jar:/home/alexandrekerestes/.m2/repository/org/hibernate/orm/hibernate-core/6.4.1.Final/hibernate-core-6.4.1.Final.jar:/home/alexandrekerestes/.m2/repository/jakarta/persistence/jakarta.persistence-api/3.1.0/jakarta.persistence-api-3.1.0.jar:/home/alexandrekerestes/.m2/repository/jakarta/transaction/jakarta.transaction-api/2.0.1/jakarta.transaction-api-2.0.1.jar:/home/alexandrekerestes/.m2/repository/org/jboss/logging/jboss-logging/3.5.3.Final/jboss-logging-3.5.3.Final.jar:/home/alexandrekerestes/.m2/repository/org/hibernate/common/hibernate-commons-annotations/6.0.6.Final/hibernate-commons-annotations-6.0.6.Final.jar:/home/alexandrekerestes/.m2/repository/io/smallrye/jandex/3.1.2/jandex-3.1.2.jar:/home/alexandrekerestes/.m2/repository/com/fasterxml/classmate/1.6.0/classmate-1.6.0.jar:/home/alexandrekerestes/.m2/repository/org/glassfish/jaxb/jaxb-runtime/4.0.4/jaxb-runtime-4.0.4.jar:/home/alexandrekerestes/.m2/repository/org/glassfish/jaxb/jaxb-core/4.0.4/jaxb-core-4.0.4.jar:/home/alexandrekerestes/.m2/repository/org/eclipse/angus/angus-activation/2.0.1/angus-activation-2.0.1.jar:/home/alexandrekerestes/.m2/repository/org/glassfish/jaxb/txw2/4.0.4/txw2-4.0.4.jar:/home/alexandrekerestes/.m2/repository/com/sun/istack/istack-commons-runtime/4.1.2/istack-commons-runtime-4.1.2.jar:/home/alexandrekerestes/.m2/repository/jakarta/inject/jakarta.inject-api/2.0.1/jakarta.inject-api-2.0.1.jar:/home/alexandrekerestes/.m2/repository/org/antlr/antlr4-runtime/4.13.0/antlr4-runtime-4.13.0.jar:/home/alexandrekerestes/.m2/repository/org/springframework/data/spring-data-jpa/3.2.1/spring-data-jpa-3.2.1.jar:/home/alexandrekerestes/.m2/repository/org/springframework/data/spring-data-commons/3.2.1/spring-data-commons-3.2.1.jar:/home/alexandrekerestes/.m2/repository/org/springframework/spring-orm/6.1.2/spring-orm-6.1.2.jar:/home/alexandrekerestes/.m2/repository/org/springframework/spring-context/6.1.2/spring-context-6.1.2.jar:/home/alexandrekerestes/.m2/repository/org/springframework/spring-tx/6.1.2/spring-tx-6.1.2.jar:/home/alexandrekerestes/.m2/repository/org/springframework/spring-beans/6.1.2/spring-beans-6.1.2.jar:/home/alexandrekerestes/.m2/repository/org/springframework/spring-aspects/6.1.2/spring-aspects-6.1.2.jar:/home/alexandrekerestes/.m2/repository/org/springframework/boot/spring-boot-starter-web/3.2.1/spring-boot-starter-web-3.2.1.jar:/home/alexandrekerestes/.m2/repository/org/springframework/boot/spring-boot-starter-json/3.2.1/spring-boot-starter-json-3.2.1.jar:/home/alexandrekerestes/.m2/repository/com/fasterxml/jackson/core/jackson-databind/2.15.3/jackson-databind-2.15.3.jar:/home/alexandrekerestes/.m2/repository/com/fasterxml/jackson/core/jackson-annotations/2.15.3/jackson-annotations-2.15.3.jar:/home/alexandrekerestes/.m2/repository/com/fasterxml/jackson/core/jackson-core/2.15.3/jackson-core-2.15.3.jar:/home/alexandrekerestes/.m2/repository/com/fasterxml/jackson/datatype/jackson-datatype-jdk8/2.15.3/jackson-datatype-jdk8-2.15.3.jar:/home/alexandrekerestes/.m2/repository/com/fasterxml/jackson/datatype/jackson-datatype-jsr310/2.15.3/jackson-datatype-jsr310-2.15.3.jar:/home/alexandrekerestes/.m2/repository/com/fasterxml/jackson/module/jackson-module-parameter-names/2.15.3/jackson-module-parameter-names-2.15.3.jar:/home/alexandrekerestes/.m2/repository/org/springframework/boot/spring-boot-starter-tomcat/3.2.1/spring-boot-starter-tomcat-3.2.1.jar:/home/alexandrekerestes/.m2/repository/org/apache/tomcat/embed/tomcat-embed-core/10.1.17/tomcat-embed-core-10.1.17.jar:/home/alexandrekerestes/.m2/repository/org/apache/tomcat/embed/tomcat-embed-websocket/10.1.17/tomcat-embed-websocket-10.1.17.jar:/home/alexandrekerestes/.m2/repository/org/springframework/spring-web/6.1.2/spring-web-6.1.2.jar:/home/alexandrekerestes/.m2/repository/io/micrometer/micrometer-observation/1.12.1/micrometer-observation-1.12.1.jar:/home/alexandrekerestes/.m2/repository/io/micrometer/micrometer-commons/1.12.1/micrometer-commons-1.12.1.jar:/home/alexandrekerestes/.m2/repository/org/springframework/spring-webmvc/6.1.2/spring-webmvc-6.1.2.jar:/home/alexandrekerestes/.m2/repository/org/springframework/spring-expression/6.1.2/spring-expression-6.1.2.jar:/home/alexandrekerestes/.m2/repository/org/springframework/boot/spring-boot-starter-thymeleaf/3.2.1/spring-boot-starter-thymeleaf-3.2.1.jar:/home/alexandrekerestes/.m2/repository/org/thymeleaf/thymeleaf-spring6/3.1.2.RELEASE/thymeleaf-spring6-3.1.2.RELEASE.jar:/home/alexandrekerestes/.m2/repository/org/thymeleaf/thymeleaf/3.1.2.RELEASE/thymeleaf-3.1.2.RELEASE.jar:/home/alexandrekerestes/.m2/repository/org/attoparser/attoparser/2.0.7.RELEASE/attoparser-2.0.7.RELEASE.jar:/home/alexandrekerestes/.m2/repository/org/unbescape/unbescape/1.1.6.RELEASE/unbescape-1.1.6.RELEASE.jar:/home/alexandrekerestes/.m2/repository/org/springframework/boot/spring-boot-starter-security/3.2.1/spring-boot-starter-security-3.2.1.jar:/home/alexandrekerestes/.m2/repository/org/springframework/spring-aop/6.1.2/spring-aop-6.1.2.jar:/home/alexandrekerestes/.m2/repository/org/springframework/security/spring-security-config/6.2.1/spring-security-config-6.2.1.jar:/home/alexandrekerestes/.m2/repository/org/springframework/security/spring-security-core/6.2.1/spring-security-core-6.2.1.jar:/home/alexandrekerestes/.m2/repository/org/springframework/security/spring-security-crypto/6.2.1/spring-security-crypto-6.2.1.jar:/home/alexandrekerestes/.m2/repository/org/springframework/security/spring-security-web/6.2.1/spring-security-web-6.2.1.jar:/home/alexandrekerestes/.m2/repository/org/springframework/boot/spring-boot-devtools/3.2.1/spring-boot-devtools-3.2.1.jar:/home/alexandrekerestes/.m2/repository/org/springframework/boot/spring-boot/3.2.1/spring-boot-3.2.1.jar:/home/alexandrekerestes/.m2/repository/org/springframework/boot/spring-boot-autoconfigure/3.2.1/spring-boot-autoconfigure-3.2.1.jar:/home/alexandrekerestes/.m2/repository/org/springframework/boot/spring-boot-starter-validation/3.2.1/spring-boot-starter-validation-3.2.1.jar:/home/alexandrekerestes/.m2/repository/org/apache/tomcat/embed/tomcat-embed-el/10.1.17/tomcat-embed-el-10.1.17.jar:/home/alexandrekerestes/.m2/repository/org/hibernate/validator/hibernate-validator/8.0.1.Final/hibernate-validator-8.0.1.Final.jar:/home/alexandrekerestes/.m2/repository/jakarta/validation/jakarta.validation-api/3.0.2/jakarta.validation-api-3.0.2.jar:/home/alexandrekerestes/.m2/repository/com/mysql/mysql-connector-j/8.1.0/mysql-connector-j-8.1.0.jar:/home/alexandrekerestes/.m2/repository/com/h2database/h2/2.2.224/h2-2.2.224.jar:/home/alexandrekerestes/.m2/repository/org/projectlombok/lombok/1.18.30/lombok-1.18.30.jar:"/>
    <property name="sun.cpu.endian" value="little"/>
    <property name="user.home" value="/home/alexandrekerestes"/>
    <property name="user.language" value="fr"/>
    <property name="java.specification.vendor" value="Oracle Corporation"/>
    <property name="java.version.date" value="2023-10-17"/>
    <property name="java.home" value="/home/alexandrekerestes/.jdks/openjdk-21.0.1"/>
    <property name="file.separator" value="/"/>
    <property name="basedir" value="/home/alexandrekerestes/Documents/mission_7/JavaDA_PROJECT7_RESTAPI_OCR/Poseiden-skeleton"/>
    <property name="java.vm.compressedOopsMode" value="Zero based"/>
    <property name="line.separator" value="&#10;"/>
    <property name="java.vm.specification.vendor" value="Oracle Corporation"/>
    <property name="java.specification.name" value="Java Platform API Specification"/>
    <property name="FILE_LOG_CHARSET" value="UTF-8"/>
    <property name="java.awt.headless" value="true"/>
    <property name="surefire.real.class.path" value="/home/alexandrekerestes/Documents/mission_7/JavaDA_PROJECT7_RESTAPI_OCR/Poseiden-skeleton/target/surefire/surefirebooter-20240214105945715_3.jar"/>
    <property name="sun.management.compiler" value="HotSpot 64-Bit Tiered Compilers"/>
    <property name="java.runtime.version" value="21.0.1+12-29"/>
    <property name="user.name" value="alexandrekerestes"/>
    <property name="stdout.encoding" value="UTF-8"/>
    <property name="path.separator" value=":"/>
    <property name="os.version" value="6.7.4-100.fc38.x86_64"/>
    <property name="java.runtime.name" value="OpenJDK Runtime Environment"/>
    <property name="file.encoding" value="UTF-8"/>
    <property name="java.vm.name" value="OpenJDK 64-Bit Server VM"/>
    <property name="localRepository" value="/home/alexandrekerestes/.m2/repository"/>
    <property name="java.vendor.url.bug" value="https://bugreport.java.com/bugreport/"/>
    <property name="java.io.tmpdir" value="/tmp"/>
    <property name="idea.version" value="2023.3.3"/>
    <property name="com.zaxxer.hikari.pool_number" value="3"/>
    <property name="java.version" value="21.0.1"/>
    <property name="user.dir" value="/home/alexandrekerestes/Documents/mission_7/JavaDA_PROJECT7_RESTAPI_OCR/Poseiden-skeleton"/>
    <property name="os.arch" value="amd64"/>
    <property name="java.vm.specification.name" value="Java Virtual Machine Specification"/>
    <property name="PID" value="61227"/>
    <property name="CONSOLE_LOG_CHARSET" value="UTF-8"/>
    <property name="native.encoding" value="UTF-8"/>
    <property name="java.library.path" value="/usr/java/packages/lib:/usr/lib64:/lib64:/lib:/usr/lib"/>
    <property name="java.vm.info" value="mixed mode, sharing"/>
    <property name="stderr.encoding" value="UTF-8"/>
    <property name="java.vendor" value="Oracle Corporation"/>
    <property name="java.vm.version" value="21.0.1+12-29"/>
    <property name="sun.io.unicode.encoding" value="UnicodeLittle"/>
    <property name="java.class.version" value="65.0"/>
  </properties>
  <testcase name="userUpdateValidatorErrorTest" classname="com.nnk.springboot.unit.UserTest" time="0.124">
    <system-out><![CDATA[2024-02-14T10:59:53.973+01:00  INFO 61227 --- [           main] t.c.s.AnnotationConfigContextLoaderUtils : Could not detect default configuration classes for test class [com.nnk.springboot.unit.UserTest]: UserTest does not declare any static, non-private, non-final, nested classes annotated with @Configuration.
2024-02-14T10:59:53.975+01:00  INFO 61227 --- [           main] .b.t.c.SpringBootTestContextBootstrapper : Found @SpringBootConfiguration com.nnk.springboot.Application for test class com.nnk.springboot.unit.UserTest
2024-02-14T10:59:53.978+01:00  INFO 61227 --- [           main] o.s.b.d.r.RestartApplicationListener     : Restart disabled due to context in which it is running

  .   ____          _            __ _ _
 /\\ / ___'_ __ _ _(_)_ __  __ _ \ \ \ \
( ( )\___ | '_ | '_| | '_ \/ _` | \ \ \ \
 \\/  ___)| |_)| | | | | || (_| |  ) ) ) )
  '  |____| .__|_| |_|_| |_\__, | / / / /
 =========|_|==============|___/=/_/_/_/
 :: Spring Boot ::                (v3.2.1)

2024-02-14T10:59:53.994+01:00  INFO 61227 --- [           main] com.nnk.springboot.unit.UserTest         : Starting UserTest using Java 21.0.1 with PID 61227 (started by alexandrekerestes in /home/alexandrekerestes/Documents/mission_7/JavaDA_PROJECT7_RESTAPI_OCR/Poseiden-skeleton)
2024-02-14T10:59:53.994+01:00  INFO 61227 --- [           main] com.nnk.springboot.unit.UserTest         : The following 1 profile is active: "test"
2024-02-14T10:59:54.123+01:00  INFO 61227 --- [           main] .s.d.r.c.RepositoryConfigurationDelegate : Bootstrapping Spring Data JPA repositories in DEFAULT mode.
2024-02-14T10:59:54.132+01:00  INFO 61227 --- [           main] .s.d.r.c.RepositoryConfigurationDelegate : Finished Spring Data repository scanning in 8 ms. Found 6 JPA repository interfaces.
2024-02-14T10:59:54.306+01:00  INFO 61227 --- [           main] o.hibernate.jpa.internal.util.LogHelper  : HHH000204: Processing PersistenceUnitInfo [name: default]
2024-02-14T10:59:54.308+01:00  INFO 61227 --- [           main] o.h.c.internal.RegionFactoryInitiator    : HHH000026: Second-level cache disabled
2024-02-14T10:59:54.311+01:00  INFO 61227 --- [           main] o.s.o.j.p.SpringPersistenceUnitInfo      : No LoadTimeWeaver setup: ignoring JPA class transformer
2024-02-14T10:59:54.312+01:00  INFO 61227 --- [           main] com.zaxxer.hikari.HikariDataSource       : HikariPool-3 - Starting...
2024-02-14T10:59:54.323+01:00  INFO 61227 --- [           main] com.zaxxer.hikari.pool.HikariPool        : HikariPool-3 - Added connection com.mysql.cj.jdbc.ConnectionImpl@3ddfe20d
2024-02-14T10:59:54.323+01:00  INFO 61227 --- [           main] com.zaxxer.hikari.HikariDataSource       : HikariPool-3 - Start completed.
2024-02-14T10:59:54.481+01:00  INFO 61227 --- [           main] o.h.e.t.j.p.i.JtaPlatformInitiator       : HHH000489: No JTA platform available (set 'hibernate.transaction.jta.platform' to enable JTA platform integration)
Hibernate: drop table if exists bid_list
Hibernate: drop table if exists curve_point
Hibernate: drop table if exists rating
Hibernate: drop table if exists rule_name
Hibernate: drop table if exists trade
Hibernate: drop table if exists users
Hibernate: create table bid_list (ask float(53), ask_quantity float(53), bid float(53), bid_quantity float(53) not null, id integer not null auto_increment, bid_list_date datetime(6), creation_date datetime(6), revision_date datetime(6), account varchar(255), benchmark varchar(255), book varchar(255), commentary varchar(255), creation_name varchar(255), deal_name varchar(255), deal_type varchar(255), revision_name varchar(255), security varchar(255), side varchar(255), source_list_id varchar(255), status varchar(255), trader varchar(255), type varchar(255), primary key (id)) engine=InnoDB
Hibernate: create table curve_point (curve_id integer, id integer not null auto_increment, term float(53) not null, value float(53) not null, as_of_date datetime(6), creation_date datetime(6), primary key (id)) engine=InnoDB
Hibernate: create table rating (id integer not null auto_increment, order_number integer not null check (order_number>=1), fitch_rating varchar(255), moodys_rating varchar(255), sand_p_rating varchar(255), primary key (id)) engine=InnoDB
Hibernate: create table rule_name (id integer not null auto_increment, description varchar(255), json varchar(255), name varchar(255), sql_part varchar(255), sql_str varchar(255), template varchar(255), primary key (id)) engine=InnoDB
Hibernate: create table trade (buy_price float(53), buy_quantity float(53) not null, sell_price float(53), sell_quantity float(53), trade_id integer not null auto_increment, creation_date datetime(6), revision_date datetime(6), trade_date datetime(6), account varchar(255), benchmark varchar(255), book varchar(255), creation_name varchar(255), deal_name varchar(255), deal_type varchar(255), revision_name varchar(255), security varchar(255), side varchar(255), source_list_id varchar(255), status varchar(255), trader varchar(255), type varchar(255), primary key (trade_id)) engine=InnoDB
Hibernate: create table users (id integer not null auto_increment, fullname varchar(255), password varchar(255), role varchar(255), username varchar(255), primary key (id)) engine=InnoDB
2024-02-14T10:59:54.915+01:00  INFO 61227 --- [           main] j.LocalContainerEntityManagerFactoryBean : Initialized JPA EntityManagerFactory for persistence unit 'default'
2024-02-14T10:59:55.041+01:00  WARN 61227 --- [           main] JpaBaseConfiguration$JpaWebConfiguration : spring.jpa.open-in-view is enabled by default. Therefore, database queries may be performed during view rendering. Explicitly configure spring.jpa.open-in-view to disable this warning
2024-02-14T10:59:55.138+01:00  INFO 61227 --- [           main] o.s.s.web.DefaultSecurityFilterChain     : Will secure any request with [org.springframework.security.web.session.DisableEncodeUrlFilter@1dabe2d4, org.springframework.security.web.context.request.async.WebAsyncManagerIntegrationFilter@526607ec, org.springframework.security.web.context.SecurityContextHolderFilter@15b9ddba, org.springframework.security.web.header.HeaderWriterFilter@67f21aa5, org.springframework.web.filter.CorsFilter@7f35ed9e, org.springframework.security.web.authentication.logout.LogoutFilter@6bae99a9, org.springframework.security.web.authentication.UsernamePasswordAuthenticationFilter@44147543, org.springframework.security.web.authentication.ui.DefaultLoginPageGeneratingFilter@546b593c, org.springframework.security.web.authentication.ui.DefaultLogoutPageGeneratingFilter@186c2156, org.springframework.security.web.savedrequest.RequestCacheAwareFilter@2e0944ff, org.springframework.security.web.servletapi.SecurityContextHolderAwareRequestFilter@59d944a9, org.springframework.security.web.authentication.AnonymousAuthenticationFilter@5a93ddcd, org.springframework.security.web.session.SessionManagementFilter@31379107, org.springframework.security.web.access.ExceptionTranslationFilter@5f0c90f2, org.springframework.security.web.access.intercept.FilterSecurityInterceptor@312d196c]
2024-02-14T10:59:55.212+01:00  INFO 61227 --- [           main] o.s.b.t.m.w.SpringBootMockServletContext : Initializing Spring TestDispatcherServlet ''
2024-02-14T10:59:55.212+01:00  INFO 61227 --- [           main] o.s.t.web.servlet.TestDispatcherServlet  : Initializing Servlet ''
2024-02-14T10:59:55.213+01:00  INFO 61227 --- [           main] o.s.t.web.servlet.TestDispatcherServlet  : Completed initialization in 1 ms
2024-02-14T10:59:55.219+01:00  INFO 61227 --- [           main] com.nnk.springboot.unit.UserTest         : Started UserTest in 1.241 seconds (process running for 9.472)
2024-02-14T10:59:55.293+01:00  WARN 61227 --- [           main] actStandardFragmentInsertionTagProcessor : [THYMELEAF][main][user/update] Deprecated unwrapped fragment expression "fragments/general.html :: head(${title})" found in template user/update, line 5, col 7. Please use the complete syntax of fragment expressions instead ("~{fragments/general.html :: head(${title})}"). The old, unwrapped syntax for fragment expressions will be removed in future versions of Thymeleaf.
]]></system-out>
  </testcase>
  <testcase name="userDeleteTest" classname="com.nnk.springboot.unit.UserTest" time="0.011"/>
  <testcase name="userDeleteErrorTest" classname="com.nnk.springboot.unit.UserTest" time="0.006"/>
  <testcase name="userUpdateValidatorTest" classname="com.nnk.springboot.unit.UserTest" time="0.069"/>
  <testcase name="userAddTest" classname="com.nnk.springboot.unit.UserTest" time="0.011">
    <system-out><![CDATA[2024-02-14T10:59:55.444+01:00  WARN 61227 --- [           main] actStandardFragmentInsertionTagProcessor : [THYMELEAF][main][user/add] Deprecated unwrapped fragment expression "fragments/general.html :: head(${title})" found in template user/add, line 5, col 7. Please use the complete syntax of fragment expressions instead ("~{fragments/general.html :: head(${title})}"). The old, unwrapped syntax for fragment expressions will be removed in future versions of Thymeleaf.
]]></system-out>
  </testcase>
  <testcase name="userValidateTest" classname="com.nnk.springboot.unit.UserTest" time="0.059"/>
  <testcase name="userValidateErrorTest" classname="com.nnk.springboot.unit.UserTest" time="0.008">
    <system-out><![CDATA[2024-02-14T10:59:55.514+01:00  WARN 61227 --- [           main] actStandardFragmentInsertionTagProcessor : [THYMELEAF][main][user/add] Deprecated unwrapped fragment expression "fragments/general.html :: head(${title})" found in template user/add, line 5, col 7. Please use the complete syntax of fragment expressions instead ("~{fragments/general.html :: head(${title})}"). The old, unwrapped syntax for fragment expressions will be removed in future versions of Thymeleaf.
]]></system-out>
  </testcase>
  <testcase name="userUpdateTest" classname="com.nnk.springboot.unit.UserTest" time="0.007">
    <system-out><![CDATA[2024-02-14T10:59:55.524+01:00  WARN 61227 --- [           main] actStandardFragmentInsertionTagProcessor : [THYMELEAF][main][user/update] Deprecated unwrapped fragment expression "fragments/general.html :: head(${title})" found in template user/update, line 5, col 7. Please use the complete syntax of fragment expressions instead ("~{fragments/general.html :: head(${title})}"). The old, unwrapped syntax for fragment expressions will be removed in future versions of Thymeleaf.
]]></system-out>
  </testcase>
  <testcase name="userListTest" classname="com.nnk.springboot.unit.UserTest" time="0.012">
    <system-out><![CDATA[2024-02-14T10:59:55.535+01:00  WARN 61227 --- [           main] actStandardFragmentInsertionTagProcessor : [THYMELEAF][main][user/list] Deprecated unwrapped fragment expression "fragments/general.html :: head(${title})" found in template user/list, line 5, col 7. Please use the complete syntax of fragment expressions instead ("~{fragments/general.html :: head(${title})}"). The old, unwrapped syntax for fragment expressions will be removed in future versions of Thymeleaf.
]]></system-out>
  </testcase>
  <testcase name="userUpdateFindUserErrorTest" classname="com.nnk.springboot.unit.UserTest" time="0.004"/>
</testsuite>